<?xml version="1.0" encoding="UTF-8"?>
<testng-results skipped="0" failed="0" ignored="0" total="1" passed="1">
  <reporter-output>
  </reporter-output>
  <suite name="Default suite" duration-ms="12861" started-at="2020-07-18T15:58:51 EDT" finished-at="2020-07-18T15:59:04 EDT">
    <groups>
    </groups>
    <test name="Default test" duration-ms="12861" started-at="2020-07-18T15:58:51 EDT" finished-at="2020-07-18T15:59:04 EDT">
      <class name="test.NewDepositTest">
        <test-method status="PASS" signature="launchBrowser()[pri:0, instance:test.NewDepositTest@68bbe345]" name="launchBrowser" is-config="true" duration-ms="3852" started-at="2020-07-18T15:58:51 EDT" finished-at="2020-07-18T15:58:55 EDT">
          <reporter-output>
          </reporter-output>
        </test-method> <!-- launchBrowser -->
        <test-method status="PASS" signature="userShouldBeAbleToAddDeposit()[pri:0, instance:test.NewDepositTest@68bbe345]" name="userShouldBeAbleToAddDeposit" duration-ms="8972" started-at="2020-07-18T15:58:55 EDT" finished-at="2020-07-18T15:59:04 EDT">
          <reporter-output>
          </reporter-output>
        </test-method> <!-- userShouldBeAbleToAddDeposit -->
        <test-method status="PASS" signature="closeEverything()[pri:0, instance:test.NewDepositTest@68bbe345]" name="closeEverything" is-config="true" duration-ms="0" started-at="2020-07-18T15:59:04 EDT" finished-at="2020-07-18T15:59:04 EDT">
          <reporter-output>
          </reporter-output>
        </test-method> <!-- closeEverything -->
      </class> <!-- test.NewDepositTest -->
    </test> <!-- Default test -->
  </suite> <!-- Default suite -->
</testng-results>
